e:\git\bundler_sfm\lib\clapack\debug\vc120.pdb
e:\git\bundler_sfm\lib\clapack\debug\vc120.idb
e:\git\bundler_sfm\lib\clapack\debug\dtrevc.obj
e:\git\bundler_sfm\lib\clapack\debug\dtrexc.obj
e:\git\bundler_sfm\lib\clapack\debug\dtrrfs.obj
e:\git\bundler_sfm\lib\clapack\debug\dtrsen.obj
e:\git\bundler_sfm\lib\clapack\debug\dtrsna.obj
e:\git\bundler_sfm\lib\clapack\debug\dtrsyl.obj
e:\git\bundler_sfm\lib\clapack\debug\dtrti2.obj
e:\git\bundler_sfm\lib\clapack\debug\dtrtri.obj
e:\git\bundler_sfm\lib\clapack\debug\dtrtrs.obj
e:\git\bundler_sfm\lib\clapack\debug\dtzrqf.obj
e:\git\bundler_sfm\lib\clapack\debug\dtzrzf.obj
e:\git\bundler_sfm\lib\clapack\debug\dzsum1.obj
e:\git\bundler_sfm\lib\clapack\debug\icmax1.obj
e:\git\bundler_sfm\lib\clapack\debug\ieeeck.obj
e:\git\bundler_sfm\lib\clapack\debug\ilaenv.obj
e:\git\bundler_sfm\lib\clapack\debug\ilaver.obj
e:\git\bundler_sfm\lib\clapack\debug\iparmq.obj
e:\git\bundler_sfm\lib\clapack\debug\izmax1.obj
e:\git\bundler_sfm\lib\clapack\debug\lsamen.obj
e:\git\bundler_sfm\lib\clapack\debug\xerbla.obj
e:\git\bundler_sfm\lib\clapack\debug\dsytrd.obj
e:\git\bundler_sfm\lib\clapack\debug\dsytrf.obj
e:\git\bundler_sfm\lib\clapack\debug\dsytri.obj
e:\git\bundler_sfm\lib\clapack\debug\dsytrs.obj
e:\git\bundler_sfm\lib\clapack\debug\dtbcon.obj
e:\git\bundler_sfm\lib\clapack\debug\dtbrfs.obj
e:\git\bundler_sfm\lib\clapack\debug\dtbtrs.obj
e:\git\bundler_sfm\lib\clapack\debug\dtgevc.obj
e:\git\bundler_sfm\lib\clapack\debug\dtgex2.obj
e:\git\bundler_sfm\lib\clapack\debug\dtgexc.obj
e:\git\bundler_sfm\lib\clapack\debug\dtgsen.obj
e:\git\bundler_sfm\lib\clapack\debug\dtgsja.obj
e:\git\bundler_sfm\lib\clapack\debug\dtgsna.obj
e:\git\bundler_sfm\lib\clapack\debug\dtgsy2.obj
e:\git\bundler_sfm\lib\clapack\debug\dtgsyl.obj
e:\git\bundler_sfm\lib\clapack\debug\dtpcon.obj
e:\git\bundler_sfm\lib\clapack\debug\dtprfs.obj
e:\git\bundler_sfm\lib\clapack\debug\dtptri.obj
e:\git\bundler_sfm\lib\clapack\debug\dtptrs.obj
e:\git\bundler_sfm\lib\clapack\debug\dtrcon.obj
e:\git\bundler_sfm\lib\clapack\debug\dsterf.obj
e:\git\bundler_sfm\lib\clapack\debug\dstev.obj
e:\git\bundler_sfm\lib\clapack\debug\dstevd.obj
e:\git\bundler_sfm\lib\clapack\debug\dstevr.obj
e:\git\bundler_sfm\lib\clapack\debug\dstevx.obj
e:\git\bundler_sfm\lib\clapack\debug\dsycon.obj
e:\git\bundler_sfm\lib\clapack\debug\dsyev.obj
e:\git\bundler_sfm\lib\clapack\debug\dsyevd.obj
e:\git\bundler_sfm\lib\clapack\debug\dsyevr.obj
e:\git\bundler_sfm\lib\clapack\debug\dsyevx.obj
e:\git\bundler_sfm\lib\clapack\debug\dsygs2.obj
e:\git\bundler_sfm\lib\clapack\debug\dsygst.obj
e:\git\bundler_sfm\lib\clapack\debug\dsygv.obj
e:\git\bundler_sfm\lib\clapack\debug\dsygvd.obj
e:\git\bundler_sfm\lib\clapack\debug\dsygvx.obj
e:\git\bundler_sfm\lib\clapack\debug\dsyrfs.obj
e:\git\bundler_sfm\lib\clapack\debug\dsysv.obj
e:\git\bundler_sfm\lib\clapack\debug\dsysvx.obj
e:\git\bundler_sfm\lib\clapack\debug\dsytd2.obj
e:\git\bundler_sfm\lib\clapack\debug\dsytf2.obj
e:\git\bundler_sfm\lib\clapack\debug\dspev.obj
e:\git\bundler_sfm\lib\clapack\debug\dspevd.obj
e:\git\bundler_sfm\lib\clapack\debug\dspevx.obj
e:\git\bundler_sfm\lib\clapack\debug\dspgst.obj
e:\git\bundler_sfm\lib\clapack\debug\dspgv.obj
e:\git\bundler_sfm\lib\clapack\debug\dspgvd.obj
e:\git\bundler_sfm\lib\clapack\debug\dspgvx.obj
e:\git\bundler_sfm\lib\clapack\debug\dsprfs.obj
e:\git\bundler_sfm\lib\clapack\debug\dspsv.obj
e:\git\bundler_sfm\lib\clapack\debug\dspsvx.obj
e:\git\bundler_sfm\lib\clapack\debug\dsptrd.obj
e:\git\bundler_sfm\lib\clapack\debug\dsptrf.obj
e:\git\bundler_sfm\lib\clapack\debug\dsptri.obj
e:\git\bundler_sfm\lib\clapack\debug\dsptrs.obj
e:\git\bundler_sfm\lib\clapack\debug\dstebz.obj
e:\git\bundler_sfm\lib\clapack\debug\dstedc.obj
e:\git\bundler_sfm\lib\clapack\debug\dstegr.obj
e:\git\bundler_sfm\lib\clapack\debug\dstein.obj
e:\git\bundler_sfm\lib\clapack\debug\dstemr.obj
e:\git\bundler_sfm\lib\clapack\debug\dsteqr.obj
e:\git\bundler_sfm\lib\clapack\debug\dpptrs.obj
e:\git\bundler_sfm\lib\clapack\debug\dptcon.obj
e:\git\bundler_sfm\lib\clapack\debug\dpteqr.obj
e:\git\bundler_sfm\lib\clapack\debug\dptrfs.obj
e:\git\bundler_sfm\lib\clapack\debug\dptsv.obj
e:\git\bundler_sfm\lib\clapack\debug\dptsvx.obj
e:\git\bundler_sfm\lib\clapack\debug\dpttrf.obj
e:\git\bundler_sfm\lib\clapack\debug\dpttrs.obj
e:\git\bundler_sfm\lib\clapack\debug\dptts2.obj
e:\git\bundler_sfm\lib\clapack\debug\drscl.obj
e:\git\bundler_sfm\lib\clapack\debug\dsbev.obj
e:\git\bundler_sfm\lib\clapack\debug\dsbevd.obj
e:\git\bundler_sfm\lib\clapack\debug\dsbevx.obj
e:\git\bundler_sfm\lib\clapack\debug\dsbgst.obj
e:\git\bundler_sfm\lib\clapack\debug\dsbgv.obj
e:\git\bundler_sfm\lib\clapack\debug\dsbgvd.obj
e:\git\bundler_sfm\lib\clapack\debug\dsbgvx.obj
e:\git\bundler_sfm\lib\clapack\debug\dsbtrd.obj
e:\git\bundler_sfm\lib\clapack\debug\dsgesv.obj
e:\git\bundler_sfm\lib\clapack\debug\dspcon.obj
e:\git\bundler_sfm\lib\clapack\debug\dpbsvx.obj
e:\git\bundler_sfm\lib\clapack\debug\dpbtf2.obj
e:\git\bundler_sfm\lib\clapack\debug\dpbtrf.obj
e:\git\bundler_sfm\lib\clapack\debug\dpbtrs.obj
e:\git\bundler_sfm\lib\clapack\debug\dpocon.obj
e:\git\bundler_sfm\lib\clapack\debug\dpoequ.obj
e:\git\bundler_sfm\lib\clapack\debug\dporfs.obj
e:\git\bundler_sfm\lib\clapack\debug\dposv.obj
e:\git\bundler_sfm\lib\clapack\debug\dposvx.obj
e:\git\bundler_sfm\lib\clapack\debug\dpotf2.obj
e:\git\bundler_sfm\lib\clapack\debug\dpotrf.obj
e:\git\bundler_sfm\lib\clapack\debug\dpotri.obj
e:\git\bundler_sfm\lib\clapack\debug\dpotrs.obj
e:\git\bundler_sfm\lib\clapack\debug\dppcon.obj
e:\git\bundler_sfm\lib\clapack\debug\dppequ.obj
e:\git\bundler_sfm\lib\clapack\debug\dpprfs.obj
e:\git\bundler_sfm\lib\clapack\debug\dppsv.obj
e:\git\bundler_sfm\lib\clapack\debug\dppsvx.obj
e:\git\bundler_sfm\lib\clapack\debug\dpptrf.obj
e:\git\bundler_sfm\lib\clapack\debug\dpptri.obj
e:\git\bundler_sfm\lib\clapack\debug\dorgrq.obj
e:\git\bundler_sfm\lib\clapack\debug\dorgtr.obj
e:\git\bundler_sfm\lib\clapack\debug\dorm2l.obj
e:\git\bundler_sfm\lib\clapack\debug\dorm2r.obj
e:\git\bundler_sfm\lib\clapack\debug\dormbr.obj
e:\git\bundler_sfm\lib\clapack\debug\dormhr.obj
e:\git\bundler_sfm\lib\clapack\debug\dorml2.obj
e:\git\bundler_sfm\lib\clapack\debug\dormlq.obj
e:\git\bundler_sfm\lib\clapack\debug\dormql.obj
e:\git\bundler_sfm\lib\clapack\debug\dormqr.obj
e:\git\bundler_sfm\lib\clapack\debug\dormr2.obj
e:\git\bundler_sfm\lib\clapack\debug\dormr3.obj
e:\git\bundler_sfm\lib\clapack\debug\dormrq.obj
e:\git\bundler_sfm\lib\clapack\debug\dormrz.obj
e:\git\bundler_sfm\lib\clapack\debug\dormtr.obj
e:\git\bundler_sfm\lib\clapack\debug\dpbcon.obj
e:\git\bundler_sfm\lib\clapack\debug\dpbequ.obj
e:\git\bundler_sfm\lib\clapack\debug\dpbrfs.obj
e:\git\bundler_sfm\lib\clapack\debug\dpbstf.obj
e:\git\bundler_sfm\lib\clapack\debug\dpbsv.obj
e:\git\bundler_sfm\lib\clapack\debug\dlatps.obj
e:\git\bundler_sfm\lib\clapack\debug\dlatrd.obj
e:\git\bundler_sfm\lib\clapack\debug\dlatrs.obj
e:\git\bundler_sfm\lib\clapack\debug\dlatrz.obj
e:\git\bundler_sfm\lib\clapack\debug\dlatzm.obj
e:\git\bundler_sfm\lib\clapack\debug\dlauu2.obj
e:\git\bundler_sfm\lib\clapack\debug\dlauum.obj
e:\git\bundler_sfm\lib\clapack\debug\dlazq3.obj
e:\git\bundler_sfm\lib\clapack\debug\dlazq4.obj
e:\git\bundler_sfm\lib\clapack\debug\dopgtr.obj
e:\git\bundler_sfm\lib\clapack\debug\dopmtr.obj
e:\git\bundler_sfm\lib\clapack\debug\dorg2l.obj
e:\git\bundler_sfm\lib\clapack\debug\dorg2r.obj
e:\git\bundler_sfm\lib\clapack\debug\dorgbr.obj
e:\git\bundler_sfm\lib\clapack\debug\dorghr.obj
e:\git\bundler_sfm\lib\clapack\debug\dorgl2.obj
e:\git\bundler_sfm\lib\clapack\debug\dorglq.obj
e:\git\bundler_sfm\lib\clapack\debug\dorgql.obj
e:\git\bundler_sfm\lib\clapack\debug\dorgqr.obj
e:\git\bundler_sfm\lib\clapack\debug\dorgr2.obj
e:\git\bundler_sfm\lib\clapack\debug\dlasd8.obj
e:\git\bundler_sfm\lib\clapack\debug\dlasda.obj
e:\git\bundler_sfm\lib\clapack\debug\dlasdq.obj
e:\git\bundler_sfm\lib\clapack\debug\dlasdt.obj
e:\git\bundler_sfm\lib\clapack\debug\dlaset.obj
e:\git\bundler_sfm\lib\clapack\debug\dlasq1.obj
e:\git\bundler_sfm\lib\clapack\debug\dlasq2.obj
e:\git\bundler_sfm\lib\clapack\debug\dlasq3.obj
e:\git\bundler_sfm\lib\clapack\debug\dlasq4.obj
e:\git\bundler_sfm\lib\clapack\debug\dlasq5.obj
e:\git\bundler_sfm\lib\clapack\debug\dlasq6.obj
e:\git\bundler_sfm\lib\clapack\debug\dlasr.obj
e:\git\bundler_sfm\lib\clapack\debug\dlasrt.obj
e:\git\bundler_sfm\lib\clapack\debug\dlassq.obj
e:\git\bundler_sfm\lib\clapack\debug\dlasv2.obj
e:\git\bundler_sfm\lib\clapack\debug\dlaswp.obj
e:\git\bundler_sfm\lib\clapack\debug\dlasy2.obj
e:\git\bundler_sfm\lib\clapack\debug\dlasyf.obj
e:\git\bundler_sfm\lib\clapack\debug\dlatbs.obj
e:\git\bundler_sfm\lib\clapack\debug\dlatdf.obj
e:\git\bundler_sfm\lib\clapack\debug\dlarrj.obj
e:\git\bundler_sfm\lib\clapack\debug\dlarrk.obj
e:\git\bundler_sfm\lib\clapack\debug\dlarrr.obj
e:\git\bundler_sfm\lib\clapack\debug\dlarrv.obj
e:\git\bundler_sfm\lib\clapack\debug\dlartg.obj
e:\git\bundler_sfm\lib\clapack\debug\dlartv.obj
e:\git\bundler_sfm\lib\clapack\debug\dlaruv.obj
e:\git\bundler_sfm\lib\clapack\debug\dlarz.obj
e:\git\bundler_sfm\lib\clapack\debug\dlarzb.obj
e:\git\bundler_sfm\lib\clapack\debug\dlarzt.obj
e:\git\bundler_sfm\lib\clapack\debug\dlas2.obj
e:\git\bundler_sfm\lib\clapack\debug\dlascl.obj
e:\git\bundler_sfm\lib\clapack\debug\dlasd0.obj
e:\git\bundler_sfm\lib\clapack\debug\dlasd1.obj
e:\git\bundler_sfm\lib\clapack\debug\dlasd2.obj
e:\git\bundler_sfm\lib\clapack\debug\dlasd3.obj
e:\git\bundler_sfm\lib\clapack\debug\dlasd4.obj
e:\git\bundler_sfm\lib\clapack\debug\dlasd5.obj
e:\git\bundler_sfm\lib\clapack\debug\dlasd6.obj
e:\git\bundler_sfm\lib\clapack\debug\dlasd7.obj
e:\git\bundler_sfm\lib\clapack\debug\dlaqr5.obj
e:\git\bundler_sfm\lib\clapack\debug\dlaqsb.obj
e:\git\bundler_sfm\lib\clapack\debug\dlaqsp.obj
e:\git\bundler_sfm\lib\clapack\debug\dlaqsy.obj
e:\git\bundler_sfm\lib\clapack\debug\dlaqtr.obj
e:\git\bundler_sfm\lib\clapack\debug\dlar1v.obj
e:\git\bundler_sfm\lib\clapack\debug\dlar2v.obj
e:\git\bundler_sfm\lib\clapack\debug\dlarf.obj
e:\git\bundler_sfm\lib\clapack\debug\dlarfb.obj
e:\git\bundler_sfm\lib\clapack\debug\dlarfg.obj
e:\git\bundler_sfm\lib\clapack\debug\dlarft.obj
e:\git\bundler_sfm\lib\clapack\debug\dlarfx.obj
e:\git\bundler_sfm\lib\clapack\debug\dlargv.obj
e:\git\bundler_sfm\lib\clapack\debug\dlarnv.obj
e:\git\bundler_sfm\lib\clapack\debug\dlarra.obj
e:\git\bundler_sfm\lib\clapack\debug\dlarrb.obj
e:\git\bundler_sfm\lib\clapack\debug\dlarrc.obj
e:\git\bundler_sfm\lib\clapack\debug\dlarrd.obj
e:\git\bundler_sfm\lib\clapack\debug\dlarre.obj
e:\git\bundler_sfm\lib\clapack\debug\dlarrf.obj
e:\git\bundler_sfm\lib\clapack\debug\dlansp.obj
e:\git\bundler_sfm\lib\clapack\debug\dlanst.obj
e:\git\bundler_sfm\lib\clapack\debug\dlansy.obj
e:\git\bundler_sfm\lib\clapack\debug\dlantb.obj
e:\git\bundler_sfm\lib\clapack\debug\dlantp.obj
e:\git\bundler_sfm\lib\clapack\debug\dlantr.obj
e:\git\bundler_sfm\lib\clapack\debug\dlanv2.obj
e:\git\bundler_sfm\lib\clapack\debug\dlapll.obj
e:\git\bundler_sfm\lib\clapack\debug\dlapmt.obj
e:\git\bundler_sfm\lib\clapack\debug\dlapy2.obj
e:\git\bundler_sfm\lib\clapack\debug\dlapy3.obj
e:\git\bundler_sfm\lib\clapack\debug\dlaqgb.obj
e:\git\bundler_sfm\lib\clapack\debug\dlaqge.obj
e:\git\bundler_sfm\lib\clapack\debug\dlaqp2.obj
e:\git\bundler_sfm\lib\clapack\debug\dlaqps.obj
e:\git\bundler_sfm\lib\clapack\debug\dlaqr0.obj
e:\git\bundler_sfm\lib\clapack\debug\dlaqr1.obj
e:\git\bundler_sfm\lib\clapack\debug\dlaqr2.obj
e:\git\bundler_sfm\lib\clapack\debug\dlaqr3.obj
e:\git\bundler_sfm\lib\clapack\debug\dlaqr4.obj
e:\git\bundler_sfm\lib\clapack\debug\dlagtf.obj
e:\git\bundler_sfm\lib\clapack\debug\dlagtm.obj
e:\git\bundler_sfm\lib\clapack\debug\dlagts.obj
e:\git\bundler_sfm\lib\clapack\debug\dlagv2.obj
e:\git\bundler_sfm\lib\clapack\debug\dlahqr.obj
e:\git\bundler_sfm\lib\clapack\debug\dlahr2.obj
e:\git\bundler_sfm\lib\clapack\debug\dlahrd.obj
e:\git\bundler_sfm\lib\clapack\debug\dlaic1.obj
e:\git\bundler_sfm\lib\clapack\debug\dlaisnan.obj
e:\git\bundler_sfm\lib\clapack\debug\dlaln2.obj
e:\git\bundler_sfm\lib\clapack\debug\dlals0.obj
e:\git\bundler_sfm\lib\clapack\debug\dlalsa.obj
e:\git\bundler_sfm\lib\clapack\debug\dlalsd.obj
e:\git\bundler_sfm\lib\clapack\debug\dlamrg.obj
e:\git\bundler_sfm\lib\clapack\debug\dlaneg.obj
e:\git\bundler_sfm\lib\clapack\debug\dlangb.obj
e:\git\bundler_sfm\lib\clapack\debug\dlange.obj
e:\git\bundler_sfm\lib\clapack\debug\dlangt.obj
e:\git\bundler_sfm\lib\clapack\debug\dlanhs.obj
e:\git\bundler_sfm\lib\clapack\debug\dlansb.obj
e:\git\bundler_sfm\lib\clapack\debug\dladiv.obj
e:\git\bundler_sfm\lib\clapack\debug\dlae2.obj
e:\git\bundler_sfm\lib\clapack\debug\dlaebz.obj
e:\git\bundler_sfm\lib\clapack\debug\dlaed0.obj
e:\git\bundler_sfm\lib\clapack\debug\dlaed1.obj
e:\git\bundler_sfm\lib\clapack\debug\dlaed2.obj
e:\git\bundler_sfm\lib\clapack\debug\dlaed3.obj
e:\git\bundler_sfm\lib\clapack\debug\dlaed4.obj
e:\git\bundler_sfm\lib\clapack\debug\dlaed5.obj
e:\git\bundler_sfm\lib\clapack\debug\dlaed6.obj
e:\git\bundler_sfm\lib\clapack\debug\dlaed7.obj
e:\git\bundler_sfm\lib\clapack\debug\dlaed8.obj
e:\git\bundler_sfm\lib\clapack\debug\dlaed9.obj
e:\git\bundler_sfm\lib\clapack\debug\dlaeda.obj
e:\git\bundler_sfm\lib\clapack\debug\dlaein.obj
e:\git\bundler_sfm\lib\clapack\debug\dlaev2.obj
e:\git\bundler_sfm\lib\clapack\debug\dlaexc.obj
e:\git\bundler_sfm\lib\clapack\debug\dlag2.obj
e:\git\bundler_sfm\lib\clapack\debug\dlag2s.obj
e:\git\bundler_sfm\lib\clapack\debug\dlags2.obj
e:\git\bundler_sfm\lib\clapack\debug\dggqrf.obj
e:\git\bundler_sfm\lib\clapack\debug\dggrqf.obj
e:\git\bundler_sfm\lib\clapack\debug\dggsvd.obj
e:\git\bundler_sfm\lib\clapack\debug\dggsvp.obj
e:\git\bundler_sfm\lib\clapack\debug\dgtcon.obj
e:\git\bundler_sfm\lib\clapack\debug\dgtrfs.obj
e:\git\bundler_sfm\lib\clapack\debug\dgtsv.obj
e:\git\bundler_sfm\lib\clapack\debug\dgtsvx.obj
e:\git\bundler_sfm\lib\clapack\debug\dgttrf.obj
e:\git\bundler_sfm\lib\clapack\debug\dgttrs.obj
e:\git\bundler_sfm\lib\clapack\debug\dgtts2.obj
e:\git\bundler_sfm\lib\clapack\debug\dhgeqz.obj
e:\git\bundler_sfm\lib\clapack\debug\dhsein.obj
e:\git\bundler_sfm\lib\clapack\debug\dhseqr.obj
e:\git\bundler_sfm\lib\clapack\debug\disnan.obj
e:\git\bundler_sfm\lib\clapack\debug\dlabad.obj
e:\git\bundler_sfm\lib\clapack\debug\dlabrd.obj
e:\git\bundler_sfm\lib\clapack\debug\dlacn2.obj
e:\git\bundler_sfm\lib\clapack\debug\dlacon.obj
e:\git\bundler_sfm\lib\clapack\debug\dlacpy.obj
e:\git\bundler_sfm\lib\clapack\debug\dgerqf.obj
e:\git\bundler_sfm\lib\clapack\debug\dgesc2.obj
e:\git\bundler_sfm\lib\clapack\debug\dgesdd.obj
e:\git\bundler_sfm\lib\clapack\debug\dgesv.obj
e:\git\bundler_sfm\lib\clapack\debug\dgesvd.obj
e:\git\bundler_sfm\lib\clapack\debug\dgesvx.obj
e:\git\bundler_sfm\lib\clapack\debug\dgetc2.obj
e:\git\bundler_sfm\lib\clapack\debug\dgetf2.obj
e:\git\bundler_sfm\lib\clapack\debug\dgetrf.obj
e:\git\bundler_sfm\lib\clapack\debug\dgetri.obj
e:\git\bundler_sfm\lib\clapack\debug\dgetrs.obj
e:\git\bundler_sfm\lib\clapack\debug\dggbak.obj
e:\git\bundler_sfm\lib\clapack\debug\dggbal.obj
e:\git\bundler_sfm\lib\clapack\debug\dgges.obj
e:\git\bundler_sfm\lib\clapack\debug\dggesx.obj
e:\git\bundler_sfm\lib\clapack\debug\dggev.obj
e:\git\bundler_sfm\lib\clapack\debug\dggevx.obj
e:\git\bundler_sfm\lib\clapack\debug\dggglm.obj
e:\git\bundler_sfm\lib\clapack\debug\dgghrd.obj
e:\git\bundler_sfm\lib\clapack\debug\dgglse.obj
e:\git\bundler_sfm\lib\clapack\debug\dgeevx.obj
e:\git\bundler_sfm\lib\clapack\debug\dgegs.obj
e:\git\bundler_sfm\lib\clapack\debug\dgegv.obj
e:\git\bundler_sfm\lib\clapack\debug\dgehd2.obj
e:\git\bundler_sfm\lib\clapack\debug\dgehrd.obj
e:\git\bundler_sfm\lib\clapack\debug\dgelq2.obj
e:\git\bundler_sfm\lib\clapack\debug\dgelqf.obj
e:\git\bundler_sfm\lib\clapack\debug\dgels.obj
e:\git\bundler_sfm\lib\clapack\debug\dgelsd.obj
e:\git\bundler_sfm\lib\clapack\debug\dgelss.obj
e:\git\bundler_sfm\lib\clapack\debug\dgelsx.obj
e:\git\bundler_sfm\lib\clapack\debug\dgelsy.obj
e:\git\bundler_sfm\lib\clapack\debug\dgeql2.obj
e:\git\bundler_sfm\lib\clapack\debug\dgeqlf.obj
e:\git\bundler_sfm\lib\clapack\debug\dgeqp3.obj
e:\git\bundler_sfm\lib\clapack\debug\dgeqpf.obj
e:\git\bundler_sfm\lib\clapack\debug\dgeqr2.obj
e:\git\bundler_sfm\lib\clapack\debug\dgeqrf.obj
e:\git\bundler_sfm\lib\clapack\debug\dgerfs.obj
e:\git\bundler_sfm\lib\clapack\debug\dgerq2.obj
e:\git\bundler_sfm\lib\clapack\debug\dbdsqr.obj
e:\git\bundler_sfm\lib\clapack\debug\ddisna.obj
e:\git\bundler_sfm\lib\clapack\debug\dgbbrd.obj
e:\git\bundler_sfm\lib\clapack\debug\dgbcon.obj
e:\git\bundler_sfm\lib\clapack\debug\dgbequ.obj
e:\git\bundler_sfm\lib\clapack\debug\dgbrfs.obj
e:\git\bundler_sfm\lib\clapack\debug\dgbsv.obj
e:\git\bundler_sfm\lib\clapack\debug\dgbsvx.obj
e:\git\bundler_sfm\lib\clapack\debug\dgbtf2.obj
e:\git\bundler_sfm\lib\clapack\debug\dgbtrf.obj
e:\git\bundler_sfm\lib\clapack\debug\dgbtrs.obj
e:\git\bundler_sfm\lib\clapack\debug\dgebak.obj
e:\git\bundler_sfm\lib\clapack\debug\dgebal.obj
e:\git\bundler_sfm\lib\clapack\debug\dgebd2.obj
e:\git\bundler_sfm\lib\clapack\debug\dgebrd.obj
e:\git\bundler_sfm\lib\clapack\debug\dgecon.obj
e:\git\bundler_sfm\lib\clapack\debug\dgeequ.obj
e:\git\bundler_sfm\lib\clapack\debug\dgees.obj
e:\git\bundler_sfm\lib\clapack\debug\dgeesx.obj
e:\git\bundler_sfm\lib\clapack\debug\dgeev.obj
e:\git\bundler_sfm\lib\clapack\debug\dtpmv.obj
e:\git\bundler_sfm\lib\clapack\debug\dtpsv.obj
e:\git\bundler_sfm\lib\clapack\debug\dtrmm.obj
e:\git\bundler_sfm\lib\clapack\debug\dtrmv.obj
e:\git\bundler_sfm\lib\clapack\debug\dtrsm.obj
e:\git\bundler_sfm\lib\clapack\debug\dtrsv.obj
e:\git\bundler_sfm\lib\clapack\debug\dzasum.obj
e:\git\bundler_sfm\lib\clapack\debug\dznrm2.obj
e:\git\bundler_sfm\lib\clapack\debug\icamax.obj
e:\git\bundler_sfm\lib\clapack\debug\idamax.obj
e:\git\bundler_sfm\lib\clapack\debug\isamax.obj
e:\git\bundler_sfm\lib\clapack\debug\izamax.obj
e:\git\bundler_sfm\lib\clapack\debug\lsame.obj
e:\git\bundler_sfm\lib\clapack\debug\dlamch.obj
e:\git\bundler_sfm\lib\clapack\debug\dlamchtst.obj
e:\git\bundler_sfm\lib\clapack\debug\dsecndtst.obj
e:\git\bundler_sfm\lib\clapack\debug\lapack_version.obj
e:\git\bundler_sfm\lib\clapack\debug\lsametst.obj
e:\git\bundler_sfm\lib\clapack\debug\tstiee.obj
e:\git\bundler_sfm\lib\clapack\debug\dbdsdc.obj
e:\git\bundler_sfm\lib\clapack\debug\dnrm2.obj
e:\git\bundler_sfm\lib\clapack\debug\drot.obj
e:\git\bundler_sfm\lib\clapack\debug\drotg.obj
e:\git\bundler_sfm\lib\clapack\debug\drotm.obj
e:\git\bundler_sfm\lib\clapack\debug\drotmg.obj
e:\git\bundler_sfm\lib\clapack\debug\dsbmv.obj
e:\git\bundler_sfm\lib\clapack\debug\dscal.obj
e:\git\bundler_sfm\lib\clapack\debug\dsdot.obj
e:\git\bundler_sfm\lib\clapack\debug\dspmv.obj
e:\git\bundler_sfm\lib\clapack\debug\dspr.obj
e:\git\bundler_sfm\lib\clapack\debug\dspr2.obj
e:\git\bundler_sfm\lib\clapack\debug\dswap.obj
e:\git\bundler_sfm\lib\clapack\debug\dsymm.obj
e:\git\bundler_sfm\lib\clapack\debug\dsymv.obj
e:\git\bundler_sfm\lib\clapack\debug\dsyr.obj
e:\git\bundler_sfm\lib\clapack\debug\dsyr2.obj
e:\git\bundler_sfm\lib\clapack\debug\dsyr2k.obj
e:\git\bundler_sfm\lib\clapack\debug\dsyrk.obj
e:\git\bundler_sfm\lib\clapack\debug\dtbmv.obj
e:\git\bundler_sfm\lib\clapack\debug\dtbsv.obj
e:\git\bundler_sfm\lib\clapack\debug\dasum.obj
e:\git\bundler_sfm\lib\clapack\debug\daxpy.obj
e:\git\bundler_sfm\lib\clapack\debug\dcabs1.obj
e:\git\bundler_sfm\lib\clapack\debug\dcopy.obj
e:\git\bundler_sfm\lib\clapack\debug\ddot.obj
e:\git\bundler_sfm\lib\clapack\debug\dgbmv.obj
e:\git\bundler_sfm\lib\clapack\debug\dgemm.obj
e:\git\bundler_sfm\lib\clapack\debug\dgemv.obj
e:\git\bundler_sfm\lib\clapack\debug\dger.obj
e:\git\bundler_sfm\lib\clapack\debug\xerbla1.obj
e:\git\bundler_sfm\lib\clapack\debug\ilaver1.obj
e:\git\bundler_sfm\lib\clapack\debug\lsame1.obj
e:\git\bundler_sfm\vc++\debug\clapack.lib
e:\git\bundler_sfm\lib\clapack\debug\clapack.tlog\cl.command.1.tlog
e:\git\bundler_sfm\lib\clapack\debug\clapack.tlog\cl.read.1.tlog
e:\git\bundler_sfm\lib\clapack\debug\clapack.tlog\cl.write.1.tlog
e:\git\bundler_sfm\lib\clapack\debug\clapack.tlog\lib-link.read.1.tlog
e:\git\bundler_sfm\lib\clapack\debug\clapack.tlog\lib-link.write.1.tlog
e:\git\bundler_sfm\lib\clapack\debug\clapack.tlog\lib.command.1.tlog
