e:\git\bundler_sfm\lib\cminpack\debug\vc120.pdb
e:\git\bundler_sfm\lib\cminpack\debug\vc120.idb
e:\git\bundler_sfm\lib\cminpack\debug\enorm.obj
e:\git\bundler_sfm\lib\cminpack\debug\fdjac1.obj
e:\git\bundler_sfm\lib\cminpack\debug\fdjac2.obj
e:\git\bundler_sfm\lib\cminpack\debug\hybrd.obj
e:\git\bundler_sfm\lib\cminpack\debug\hybrd1.obj
e:\git\bundler_sfm\lib\cminpack\debug\hybrj.obj
e:\git\bundler_sfm\lib\cminpack\debug\hybrj1.obj
e:\git\bundler_sfm\lib\cminpack\debug\lmder.obj
e:\git\bundler_sfm\lib\cminpack\debug\lmder1.obj
e:\git\bundler_sfm\lib\cminpack\debug\lmdif.obj
e:\git\bundler_sfm\lib\cminpack\debug\lmdif1.obj
e:\git\bundler_sfm\lib\cminpack\debug\lmpar.obj
e:\git\bundler_sfm\lib\cminpack\debug\lmstr.obj
e:\git\bundler_sfm\lib\cminpack\debug\lmstr1.obj
e:\git\bundler_sfm\lib\cminpack\debug\qform.obj
e:\git\bundler_sfm\lib\cminpack\debug\qrfac.obj
e:\git\bundler_sfm\lib\cminpack\debug\qrsolv.obj
e:\git\bundler_sfm\lib\cminpack\debug\r1mpyq.obj
e:\git\bundler_sfm\lib\cminpack\debug\r1updt.obj
e:\git\bundler_sfm\lib\cminpack\debug\rwupdt.obj
e:\git\bundler_sfm\lib\cminpack\debug\chkder.obj
e:\git\bundler_sfm\lib\cminpack\debug\dogleg.obj
e:\git\bundler_sfm\lib\cminpack\debug\dpmpar.obj
e:\git\bundler_sfm\vc++\debug\cminpack.lib
e:\git\bundler_sfm\lib\cminpack\debug\cminpack.tlog\cl.command.1.tlog
e:\git\bundler_sfm\lib\cminpack\debug\cminpack.tlog\cl.read.1.tlog
e:\git\bundler_sfm\lib\cminpack\debug\cminpack.tlog\cl.write.1.tlog
e:\git\bundler_sfm\lib\cminpack\debug\cminpack.tlog\lib-link.read.1.tlog
e:\git\bundler_sfm\lib\cminpack\debug\cminpack.tlog\lib-link.write.1.tlog
e:\git\bundler_sfm\lib\cminpack\debug\cminpack.tlog\lib.command.1.tlog
