e:\git\bundler_sfm\lib\jpeg\debug\vc120.pdb
e:\git\bundler_sfm\lib\jpeg\debug\vc120.idb
e:\git\bundler_sfm\lib\jpeg\debug\jdmarker.obj
e:\git\bundler_sfm\lib\jpeg\debug\jdmaster.obj
e:\git\bundler_sfm\lib\jpeg\debug\jdmerge.obj
e:\git\bundler_sfm\lib\jpeg\debug\jdphuff.obj
e:\git\bundler_sfm\lib\jpeg\debug\jdpostct.obj
e:\git\bundler_sfm\lib\jpeg\debug\jdsample.obj
e:\git\bundler_sfm\lib\jpeg\debug\jdtrans.obj
e:\git\bundler_sfm\lib\jpeg\debug\jerror.obj
e:\git\bundler_sfm\lib\jpeg\debug\jfdctflt.obj
e:\git\bundler_sfm\lib\jpeg\debug\jfdctfst.obj
e:\git\bundler_sfm\lib\jpeg\debug\jfdctint.obj
e:\git\bundler_sfm\lib\jpeg\debug\jidctflt.obj
e:\git\bundler_sfm\lib\jpeg\debug\jidctfst.obj
e:\git\bundler_sfm\lib\jpeg\debug\jidctint.obj
e:\git\bundler_sfm\lib\jpeg\debug\jidctred.obj
e:\git\bundler_sfm\lib\jpeg\debug\jmemmgr.obj
e:\git\bundler_sfm\lib\jpeg\debug\jmemnobs.obj
e:\git\bundler_sfm\lib\jpeg\debug\jquant1.obj
e:\git\bundler_sfm\lib\jpeg\debug\jquant2.obj
e:\git\bundler_sfm\lib\jpeg\debug\jutils.obj
e:\git\bundler_sfm\lib\jpeg\debug\jcinit.obj
e:\git\bundler_sfm\lib\jpeg\debug\jcmainct.obj
e:\git\bundler_sfm\lib\jpeg\debug\jcmarker.obj
e:\git\bundler_sfm\lib\jpeg\debug\jcmaster.obj
e:\git\bundler_sfm\lib\jpeg\debug\jcomapi.obj
e:\git\bundler_sfm\lib\jpeg\debug\jcparam.obj
e:\git\bundler_sfm\lib\jpeg\debug\jcphuff.obj
e:\git\bundler_sfm\lib\jpeg\debug\jcprepct.obj
e:\git\bundler_sfm\lib\jpeg\debug\jcsample.obj
e:\git\bundler_sfm\lib\jpeg\debug\jctrans.obj
e:\git\bundler_sfm\lib\jpeg\debug\jdapimin.obj
e:\git\bundler_sfm\lib\jpeg\debug\jdapistd.obj
e:\git\bundler_sfm\lib\jpeg\debug\jdatadst.obj
e:\git\bundler_sfm\lib\jpeg\debug\jdatasrc.obj
e:\git\bundler_sfm\lib\jpeg\debug\jdcoefct.obj
e:\git\bundler_sfm\lib\jpeg\debug\jdcolor.obj
e:\git\bundler_sfm\lib\jpeg\debug\jddctmgr.obj
e:\git\bundler_sfm\lib\jpeg\debug\jdhuff.obj
e:\git\bundler_sfm\lib\jpeg\debug\jdinput.obj
e:\git\bundler_sfm\lib\jpeg\debug\jdmainct.obj
e:\git\bundler_sfm\lib\jpeg\debug\jcapimin.obj
e:\git\bundler_sfm\lib\jpeg\debug\jcapistd.obj
e:\git\bundler_sfm\lib\jpeg\debug\jccoefct.obj
e:\git\bundler_sfm\lib\jpeg\debug\jccolor.obj
e:\git\bundler_sfm\lib\jpeg\debug\jcdctmgr.obj
e:\git\bundler_sfm\lib\jpeg\debug\jchuff.obj
e:\git\bundler_sfm\vc++\debug\jpeg.lib
e:\git\bundler_sfm\vc++\debug\jpeg.exp
e:\git\bundler_sfm\vc++\debug\jpeg.ilk
e:\git\bundler_sfm\vc++\debug\jpeg.dll
e:\git\bundler_sfm\vc++\debug\jpeg.pdb
e:\git\bundler_sfm\lib\jpeg\debug\jpeg.tlog\cl.command.1.tlog
e:\git\bundler_sfm\lib\jpeg\debug\jpeg.tlog\cl.read.1.tlog
e:\git\bundler_sfm\lib\jpeg\debug\jpeg.tlog\cl.write.1.tlog
e:\git\bundler_sfm\lib\jpeg\debug\jpeg.tlog\jpeg.write.1u.tlog
e:\git\bundler_sfm\lib\jpeg\debug\jpeg.tlog\link.command.1.tlog
e:\git\bundler_sfm\lib\jpeg\debug\jpeg.tlog\link.read.1.tlog
e:\git\bundler_sfm\lib\jpeg\debug\jpeg.tlog\link.write.1.tlog
