e:\git\bundler_sfm\lib\imagelib\debug\vc120.pdb
e:\git\bundler_sfm\lib\imagelib\debug\vc120.idb
e:\git\bundler_sfm\lib\imagelib\debug\color.obj
e:\git\bundler_sfm\lib\imagelib\debug\fileio.obj
e:\git\bundler_sfm\lib\imagelib\debug\fit.obj
e:\git\bundler_sfm\lib\imagelib\debug\fmatrix.obj
e:\git\bundler_sfm\lib\imagelib\debug\homography.obj
e:\git\bundler_sfm\lib\imagelib\debug\horn.obj
e:\git\bundler_sfm\lib\imagelib\debug\image.obj
e:\git\bundler_sfm\lib\imagelib\debug\lerp.obj
e:\git\bundler_sfm\lib\imagelib\debug\morphology.obj
e:\git\bundler_sfm\lib\imagelib\debug\pgm.obj
e:\git\bundler_sfm\lib\imagelib\debug\poly.obj
e:\git\bundler_sfm\lib\imagelib\debug\qsort.obj
e:\git\bundler_sfm\lib\imagelib\debug\resample.obj
e:\git\bundler_sfm\lib\imagelib\debug\tps.obj
e:\git\bundler_sfm\lib\imagelib\debug\transform.obj
e:\git\bundler_sfm\lib\imagelib\debug\triangle.obj
e:\git\bundler_sfm\lib\imagelib\debug\triangulate.obj
e:\git\bundler_sfm\lib\imagelib\debug\util.obj
e:\git\bundler_sfm\lib\imagelib\debug\vanish.obj
e:\git\bundler_sfm\lib\imagelib\debug\affine.obj
e:\git\bundler_sfm\lib\imagelib\debug\binimage.obj
e:\git\bundler_sfm\lib\imagelib\debug\binvolume.obj
e:\git\bundler_sfm\lib\imagelib\debug\bmp.obj
e:\git\bundler_sfm\lib\imagelib\debug\canny.obj
e:\git\bundler_sfm\lib\imagelib\debug\imagelib.tlog\cl.command.1.tlog
e:\git\bundler_sfm\lib\imagelib\debug\imagelib.tlog\cl.read.1.tlog
e:\git\bundler_sfm\lib\imagelib\debug\imagelib.tlog\cl.write.1.tlog
