  z_sqrt.c
  z_sin.c
  z_log.c
  z_exp.c
  z_div.c
  z_cos.c
  z_abs.c
  xwsne.c
  wsne.c
  wsle.c
  wsfe.c
  wrtfmt.c
  wref.c
e:\git\bundler_sfm\lib\f2c\wref.c(90): warning C4996: 'sprintf': This function or variable may be unsafe. Consider using sprintf_s instead. To disable deprecation, use _CRT_SECURE_NO_WARNINGS. See online help for details.
          d:\program files (x86)\microsoft visual studio 12.0\vc\include\stdio.h(356) : 参见“sprintf”的声明
e:\git\bundler_sfm\lib\f2c\wref.c(117): warning C4996: 'sprintf': This function or variable may be unsafe. Consider using sprintf_s instead. To disable deprecation, use _CRT_SECURE_NO_WARNINGS. See online help for details.
          d:\program files (x86)\microsoft visual studio 12.0\vc\include\stdio.h(356) : 参见“sprintf”的声明
e:\git\bundler_sfm\lib\f2c\wref.c(119): warning C4996: 'strcpy': This function or variable may be unsafe. Consider using strcpy_s instead. To disable deprecation, use _CRT_SECURE_NO_WARNINGS. See online help for details.
          d:\program files (x86)\microsoft visual studio 12.0\vc\include\string.h(112) : 参见“strcpy”的声明
e:\git\bundler_sfm\lib\f2c\wref.c(246): warning C4996: 'sprintf': This function or variable may be unsafe. Consider using sprintf_s instead. To disable deprecation, use _CRT_SECURE_NO_WARNINGS. See online help for details.
          d:\program files (x86)\microsoft visual studio 12.0\vc\include\stdio.h(356) : 参见“sprintf”的声明
  util.c
  uninit.c
  uio.c
  typesize.c
  s_stop.c
  s_rnge.c
  s_paus.c
e:\git\bundler_sfm\lib\f2c\s_paus.c(65): warning C4996: 'fileno': The POSIX name for this item is deprecated. Instead, use the ISO C++ conformant name: _fileno. See online help for details.
          d:\program files (x86)\microsoft visual studio 12.0\vc\include\stdio.h(718) : 参见“fileno”的声明
e:\git\bundler_sfm\lib\f2c\s_paus.c(70): warning C4996: 'fopen': This function or variable may be unsafe. Consider using fopen_s instead. To disable deprecation, use _CRT_SECURE_NO_WARNINGS. See online help for details.
          d:\program files (x86)\microsoft visual studio 12.0\vc\include\stdio.h(211) : 参见“fopen”的声明
  正在生成代码...
  正在编译...
  s_copy.c
  s_cmp.c
  s_cat.c
  system_.c
  sue.c
  sig_die.c
  signbit.c
  signal_.c
  sfe.c
  r_tanh.c
  r_tan.c
  r_sqrt.c
  r_sinh.c
  r_sin.c
  r_sign.c
  r_nint.c
  r_mod.c
  r_log.c
  r_lg10.c
  r_int.c
  正在生成代码...
  正在编译...
  r_imag.c
  r_exp.c
  r_dim.c
  r_cosh.c
  r_cos.c
  r_cnjg.c
  r_atn2.c
  r_atan.c
  r_asin.c
  r_acos.c
  r_abs.c
  rsne.c
e:\git\bundler_sfm\lib\f2c\rsne.c(71): warning C4273: “ungetc”: dll 链接不一致
          d:\program files (x86)\microsoft visual studio 12.0\vc\include\stdio.h(324) : 参见“ungetc”的前一个定义
  rsli.c
  rsfe.c
  rewind.c
  rdfmt.c
e:\git\bundler_sfm\lib\f2c\rdfmt.c(71): warning C4554: “>>”: 检查运算符优先级可能存在的错误；使用圆括号阐明优先级
e:\git\bundler_sfm\lib\f2c\rdfmt.c(93): warning C4554: “<<”: 检查运算符优先级可能存在的错误；使用圆括号阐明优先级
e:\git\bundler_sfm\lib\f2c\rdfmt.c(382): warning C4996: 'sprintf': This function or variable may be unsafe. Consider using sprintf_s instead. To disable deprecation, use _CRT_SECURE_NO_WARNINGS. See online help for details.
          d:\program files (x86)\microsoft visual studio 12.0\vc\include\stdio.h(356) : 参见“sprintf”的声明
e:\git\bundler_sfm\lib\f2c\rdfmt.c(389): warning C4244: “=”: 从“double”转换到“real”，可能丢失数据
  pow_zz.c
  pow_zi.c
  pow_ri.c
  pow_ii.c
  正在生成代码...
  正在编译...
  pow_hh.c
  pow_di.c
  pow_dd.c
  pow_ci.c
e:\git\bundler_sfm\lib\f2c\pow_ci.c(21): warning C4244: “=”: 从“doublereal”转换到“real”，可能丢失数据
e:\git\bundler_sfm\lib\f2c\pow_ci.c(22): warning C4244: “=”: 从“doublereal”转换到“real”，可能丢失数据
  open.c
e:\git\bundler_sfm\lib\f2c\open.c(192): warning C4996: 'sprintf': This function or variable may be unsafe. Consider using sprintf_s instead. To disable deprecation, use _CRT_SECURE_NO_WARNINGS. See online help for details.
          d:\program files (x86)\microsoft visual studio 12.0\vc\include\stdio.h(356) : 参见“sprintf”的声明
e:\git\bundler_sfm\lib\f2c\open.c(207): warning C4996: 'access': The POSIX name for this item is deprecated. Instead, use the ISO C++ conformant name: _access. See online help for details.
          d:\program files (x86)\microsoft visual studio 12.0\vc\include\io.h(323) : 参见“access”的声明
e:\git\bundler_sfm\lib\f2c\open.c(219): warning C4996: 'tmpfile': This function or variable may be unsafe. Consider using tmpfile_s instead. To disable deprecation, use _CRT_SECURE_NO_WARNINGS. See online help for details.
          d:\program files (x86)\microsoft visual studio 12.0\vc\include\stdio.h(317) : 参见“tmpfile”的声明
e:\git\bundler_sfm\lib\f2c\open.c(237): warning C4996: 'access': The POSIX name for this item is deprecated. Instead, use the ISO C++ conformant name: _access. See online help for details.
          d:\program files (x86)\microsoft visual studio 12.0\vc\include\io.h(323) : 参见“access”的声明
e:\git\bundler_sfm\lib\f2c\open.c(246): warning C4996: 'fopen': This function or variable may be unsafe. Consider using fopen_s instead. To disable deprecation, use _CRT_SECURE_NO_WARNINGS. See online help for details.
          d:\program files (x86)\microsoft visual studio 12.0\vc\include\stdio.h(211) : 参见“fopen”的声明
e:\git\bundler_sfm\lib\f2c\open.c(252): warning C4996: 'strcpy': This function or variable may be unsafe. Consider using strcpy_s instead. To disable deprecation, use _CRT_SECURE_NO_WARNINGS. See online help for details.
          d:\program files (x86)\microsoft visual studio 12.0\vc\include\string.h(112) : 参见“strcpy”的声明
e:\git\bundler_sfm\lib\f2c\open.c(255): warning C4996: 'fopen': This function or variable may be unsafe. Consider using fopen_s instead. To disable deprecation, use _CRT_SECURE_NO_WARNINGS. See online help for details.
          d:\program files (x86)\microsoft visual studio 12.0\vc\include\stdio.h(211) : 参见“fopen”的声明
e:\git\bundler_sfm\lib\f2c\open.c(256): warning C4996: 'fopen': This function or variable may be unsafe. Consider using fopen_s instead. To disable deprecation, use _CRT_SECURE_NO_WARNINGS. See online help for details.
          d:\program files (x86)\microsoft visual studio 12.0\vc\include\stdio.h(211) : 参见“fopen”的声明
e:\git\bundler_sfm\lib\f2c\open.c(258): warning C4996: 'fopen': This function or variable may be unsafe. Consider using fopen_s instead. To disable deprecation, use _CRT_SECURE_NO_WARNINGS. See online help for details.
          d:\program files (x86)\microsoft visual studio 12.0\vc\include\stdio.h(211) : 参见“fopen”的声明
e:\git\bundler_sfm\lib\f2c\open.c(287): warning C4996: 'sprintf': This function or variable may be unsafe. Consider using sprintf_s instead. To disable deprecation, use _CRT_SECURE_NO_WARNINGS. See online help for details.
          d:\program files (x86)\microsoft visual studio 12.0\vc\include\stdio.h(356) : 参见“sprintf”的声明
  main.c
  l_lt.c
  l_le.c
  l_gt.c
  l_ge.c
  lwrite.c
e:\git\bundler_sfm\lib\f2c\lwrite.c(137): warning C4996: 'sprintf': This function or variable may be unsafe. Consider using sprintf_s instead. To disable deprecation, use _CRT_SECURE_NO_WARNINGS. See online help for details.
          d:\program files (x86)\microsoft visual studio 12.0\vc\include\stdio.h(356) : 参见“sprintf”的声明
  lread.c
e:\git\bundler_sfm\lib\f2c\lread.c(79): warning C4273: “ungetc”: dll 链接不一致
          d:\program files (x86)\microsoft visual studio 12.0\vc\include\stdio.h(324) : 参见“ungetc”的前一个定义
e:\git\bundler_sfm\lib\f2c\lread.c(220): warning C4996: 'sprintf': This function or variable may be unsafe. Consider using sprintf_s instead. To disable deprecation, use _CRT_SECURE_NO_WARNINGS. See online help for details.
          d:\program files (x86)\microsoft visual studio 12.0\vc\include\stdio.h(356) : 参见“sprintf”的声明
e:\git\bundler_sfm\lib\f2c\lread.c(751): warning C4244: “=”: 从“double”转换到“real”，可能丢失数据
e:\git\bundler_sfm\lib\f2c\lread.c(758): warning C4244: “=”: 从“double”转换到“real”，可能丢失数据
e:\git\bundler_sfm\lib\f2c\lread.c(759): warning C4244: “=”: 从“double”转换到“real”，可能丢失数据
  lbitshft.c
  lbitbits.c
e:\git\bundler_sfm\lib\f2c\lbitbits.c(47): warning C4554: “>>”: 检查运算符优先级可能存在的错误；使用圆括号阐明优先级
e:\git\bundler_sfm\lib\f2c\lbitbits.c(51): warning C4554: “<<”: 检查运算符优先级可能存在的错误；使用圆括号阐明优先级
e:\git\bundler_sfm\lib\f2c\lbitbits.c(60): warning C4554: “>>”: 检查运算符优先级可能存在的错误；使用圆括号阐明优先级
e:\git\bundler_sfm\lib\f2c\lbitbits.c(64): warning C4554: “<<”: 检查运算符优先级可能存在的错误；使用圆括号阐明优先级
  i_sign.c
  i_nint.c
  i_mod.c
  i_len.c
  i_indx.c
  i_dnnt.c
  正在生成代码...
  正在编译...
  i_dim.c
  i_abs.c
  inquire.c
e:\git\bundler_sfm\lib\f2c\inquire.c(35): warning C4996: 'access': The POSIX name for this item is deprecated. Instead, use the ISO C++ conformant name: _access. See online help for details.
          d:\program files (x86)\microsoft visual studio 12.0\vc\include\io.h(323) : 参见“access”的声明
  ilnw.c
  iio.c
  iargc_.c
  i77vers.c
  h_sign.c
  h_nint.c
  h_mod.c
  h_len.c
e:\git\bundler_sfm\lib\f2c\h_len.c(12): warning C4244: “return”: 从“ftnlen”转换到“shortint”，可能丢失数据
  h_indx.c
  h_dnnt.c
  h_dim.c
  h_abs.c
  hl_lt.c
  hl_le.c
  hl_gt.c
  hl_ge.c
  getenv_.c
d:\program files (x86)\microsoft visual studio 12.0\vc\include\stdlib.h(921): warning C4005: “max”: 宏重定义
          e:\git\bundler_sfm\lib\f2c\f2c.h(160) : 参见“max”的前一个定义
d:\program files (x86)\microsoft visual studio 12.0\vc\include\stdlib.h(922): warning C4005: “min”: 宏重定义
          e:\git\bundler_sfm\lib\f2c\f2c.h(159) : 参见“min”的前一个定义
e:\git\bundler_sfm\lib\f2c\getenv_.c(42): warning C4996: 'getenv': This function or variable may be unsafe. Consider using _dupenv_s instead. To disable deprecation, use _CRT_SECURE_NO_WARNINGS. See online help for details.
          d:\program files (x86)\microsoft visual studio 12.0\vc\include\stdlib.h(462) : 参见“getenv”的声明
e:\git\bundler_sfm\lib\f2c\getenv_.c(48): warning C4996: 'strncpy': This function or variable may be unsafe. Consider using strncpy_s instead. To disable deprecation, use _CRT_SECURE_NO_WARNINGS. See online help for details.
          d:\program files (x86)\microsoft visual studio 12.0\vc\include\string.h(195) : 参见“strncpy”的声明
e:\git\bundler_sfm\lib\f2c\getenv_.c(50): warning C4996: 'getenv': This function or variable may be unsafe. Consider using _dupenv_s instead. To disable deprecation, use _CRT_SECURE_NO_WARNINGS. See online help for details.
          d:\program files (x86)\microsoft visual studio 12.0\vc\include\stdlib.h(462) : 参见“getenv”的声明
  正在生成代码...
  正在编译...
  getarg_.c
  ftell_.c
  fmtlib.c
e:\git\bundler_sfm\lib\f2c\fmtlib.c(42): warning C4244: “=”: 从“unsigned long”转换到“char”，可能丢失数据
  fmt.c
  f77_aloc.c
  f77vers.c
  exit_.c
  etime_.c
e:\git\bundler_sfm\lib\f2c\etime_.c(46): warning C4244: “=”: 从“double”转换到“float”，可能丢失数据
  err.c
e:\git\bundler_sfm\lib\f2c\err.c(221): warning C4996: 'freopen': This function or variable may be unsafe. Consider using freopen_s instead. To disable deprecation, use _CRT_SECURE_NO_WARNINGS. See online help for details.
          d:\program files (x86)\microsoft visual studio 12.0\vc\include\stdio.h(226) : 参见“freopen”的声明
e:\git\bundler_sfm\lib\f2c\err.c(223): warning C4996: 'freopen': This function or variable may be unsafe. Consider using freopen_s instead. To disable deprecation, use _CRT_SECURE_NO_WARNINGS. See online help for details.
          d:\program files (x86)\microsoft visual studio 12.0\vc\include\stdio.h(226) : 参见“freopen”的声明
e:\git\bundler_sfm\lib\f2c\err.c(257): warning C4996: 'freopen': This function or variable may be unsafe. Consider using freopen_s instead. To disable deprecation, use _CRT_SECURE_NO_WARNINGS. See online help for details.
          d:\program files (x86)\microsoft visual studio 12.0\vc\include\stdio.h(226) : 参见“freopen”的声明
e:\git\bundler_sfm\lib\f2c\err.c(264): warning C4996: 'freopen': This function or variable may be unsafe. Consider using freopen_s instead. To disable deprecation, use _CRT_SECURE_NO_WARNINGS. See online help for details.
          d:\program files (x86)\microsoft visual studio 12.0\vc\include\stdio.h(226) : 参见“freopen”的声明
  erf_.c
  erfc_.c
  endfile.c
e:\git\bundler_sfm\lib\f2c\endfile.c(45): warning C4996: 'sprintf': This function or variable may be unsafe. Consider using sprintf_s instead. To disable deprecation, use _CRT_SECURE_NO_WARNINGS. See online help for details.
          d:\program files (x86)\microsoft visual studio 12.0\vc\include\stdio.h(356) : 参见“sprintf”的声明
e:\git\bundler_sfm\lib\f2c\endfile.c(46): warning C4996: 'fopen': This function or variable may be unsafe. Consider using fopen_s instead. To disable deprecation, use _CRT_SECURE_NO_WARNINGS. See online help for details.
          d:\program files (x86)\microsoft visual studio 12.0\vc\include\stdio.h(211) : 参见“fopen”的声明
e:\git\bundler_sfm\lib\f2c\endfile.c(104): warning C4996: 'fopen': This function or variable may be unsafe. Consider using fopen_s instead. To disable deprecation, use _CRT_SECURE_NO_WARNINGS. See online help for details.
          d:\program files (x86)\microsoft visual studio 12.0\vc\include\stdio.h(211) : 参见“fopen”的声明
e:\git\bundler_sfm\lib\f2c\endfile.c(111): warning C4996: 'fopen': This function or variable may be unsafe. Consider using fopen_s instead. To disable deprecation, use _CRT_SECURE_NO_WARNINGS. See online help for details.
          d:\program files (x86)\microsoft visual studio 12.0\vc\include\stdio.h(211) : 参见“fopen”的声明
e:\git\bundler_sfm\lib\f2c\endfile.c(111): warning C4996: 'tmpfile': This function or variable may be unsafe. Consider using tmpfile_s instead. To disable deprecation, use _CRT_SECURE_NO_WARNINGS. See online help for details.
          d:\program files (x86)\microsoft visual studio 12.0\vc\include\stdio.h(317) : 参见“tmpfile”的声明
e:\git\bundler_sfm\lib\f2c\endfile.c(123): warning C4996: 'freopen': This function or variable may be unsafe. Consider using freopen_s instead. To disable deprecation, use _CRT_SECURE_NO_WARNINGS. See online help for details.
          d:\program files (x86)\microsoft visual studio 12.0\vc\include\stdio.h(226) : 参见“freopen”的声明
e:\git\bundler_sfm\lib\f2c\endfile.c(133): warning C4996: 'fopen': This function or variable may be unsafe. Consider using fopen_s instead. To disable deprecation, use _CRT_SECURE_NO_WARNINGS. See online help for details.
          d:\program files (x86)\microsoft visual studio 12.0\vc\include\stdio.h(211) : 参见“fopen”的声明
  ef1cmc_.c
  ef1asc_.c
  d_tanh.c
  d_tan.c
  d_sqrt.c
  d_sinh.c
  d_sin.c
  d_sign.c
  正在生成代码...
  正在编译...
  d_prod.c
  d_nint.c
  d_mod.c
  d_log.c
  d_lg10.c
  d_int.c
  d_imag.c
  d_exp.c
  d_dim.c
  d_cosh.c
  d_cos.c
  d_cnjg.c
  d_atn2.c
  d_atan.c
  d_asin.c
  d_acos.c
  d_abs.c
  due.c
  dtime_.c
e:\git\bundler_sfm\lib\f2c\dtime_.c(47): warning C4244: “=”: 从“double”转换到“float”，可能丢失数据
  dolio.c
  正在生成代码...
  正在编译...
  dfe.c
  derf_.c
  derfc_.c
  ctype.c
  close.c
  cabs.c
  backspac.c
  arithchk.c
  abort_.c
  正在生成代码...
arithchk.obj : warning LNK4006: _main 已在 main.obj 中定义；已忽略第二个定义
  f2c.vcxproj -> E:\git\bundler_sfm\vc++\Debug\f2c.lib
