e:\git\bundler_sfm\lib\ann_1.1_char\debug\vc120.pdb
e:\git\bundler_sfm\lib\ann_1.1_char\debug\vc120.idb
e:\git\bundler_sfm\lib\ann_1.1_char\debug\ann.obj
e:\git\bundler_sfm\lib\ann_1.1_char\debug\bd_fix_rad_search.obj
e:\git\bundler_sfm\lib\ann_1.1_char\debug\bd_pr_search.obj
e:\git\bundler_sfm\lib\ann_1.1_char\debug\bd_search.obj
e:\git\bundler_sfm\lib\ann_1.1_char\debug\bd_tree.obj
e:\git\bundler_sfm\lib\ann_1.1_char\debug\brute.obj
e:\git\bundler_sfm\lib\ann_1.1_char\debug\kd_dump.obj
e:\git\bundler_sfm\lib\ann_1.1_char\debug\kd_fix_rad_search.obj
e:\git\bundler_sfm\lib\ann_1.1_char\debug\kd_pr_search.obj
e:\git\bundler_sfm\lib\ann_1.1_char\debug\kd_search.obj
e:\git\bundler_sfm\lib\ann_1.1_char\debug\kd_split.obj
e:\git\bundler_sfm\lib\ann_1.1_char\debug\kd_tree.obj
e:\git\bundler_sfm\lib\ann_1.1_char\debug\kd_util.obj
e:\git\bundler_sfm\lib\ann_1.1_char\debug\perf.obj
e:\git\bundler_sfm\vc++\debug\ann_1.1_char.dll
e:\git\bundler_sfm\lib\ann_1.1_char\debug\ann_1.1_char.tlog\ann_1.1_char.write.1u.tlog
e:\git\bundler_sfm\lib\ann_1.1_char\debug\ann_1.1_char.tlog\cl.command.1.tlog
e:\git\bundler_sfm\lib\ann_1.1_char\debug\ann_1.1_char.tlog\cl.read.1.tlog
e:\git\bundler_sfm\lib\ann_1.1_char\debug\ann_1.1_char.tlog\cl.write.1.tlog
e:\git\bundler_sfm\lib\ann_1.1_char\debug\ann_1.1_char.tlog\link.command.1.tlog
e:\git\bundler_sfm\lib\ann_1.1_char\debug\ann_1.1_char.tlog\link.read.1.tlog
e:\git\bundler_sfm\lib\ann_1.1_char\debug\ann_1.1_char.tlog\link.write.1.tlog
